#
# There is insufficient memory for the Java Runtime Environment to continue.
# Native memory allocation (malloc) failed to allocate 1075936 bytes. Error detail: Chunk::new
# Possible reasons:
#   The system is out of physical RAM or swap space
#   This process is running with CompressedOops enabled, and the Java Heap may be blocking the growth of the native heap
# Possible solutions:
#   Reduce memory load on the system
#   Increase physical memory or swap space
#   Check if swap backing store is full
#   Decrease Java heap size (-Xmx/-Xms)
#   Decrease number of Java threads
#   Decrease Java thread stack sizes (-Xss)
#   Set larger code cache with -XX:ReservedCodeCacheSize=
#   JVM is running with Unscaled Compressed Oops mode in which the Java heap is
#     placed in the first 4GB address space. The Java Heap base address is the
#     maximum limit for the native heap growth. Please use -XX:HeapBaseMinAddress
#     to set the Java Heap base and to place the Java Heap above 4GB virtual address.
# This output file may be truncated or incomplete.
#
#  Out of Memory Error (arena.cpp:168), pid=6476, tid=30568
#
# JRE version: OpenJDK Runtime Environment Temurin-21.0.6+7 (21.0.6+7) (build 21.0.6+7-LTS)
# Java VM: OpenJDK 64-Bit Server VM Temurin-21.0.6+7 (21.0.6+7-LTS, mixed mode, sharing, tiered, compressed oops, compressed class ptrs, g1 gc, windows-amd64)
# No core dump will be written. Minidumps are not enabled by default on client versions of Windows
#

---------------  S U M M A R Y ------------

Command Line: -Dfile.encoding=UTF-8 -Dstdout.encoding=UTF-8 -Dstderr.encoding=UTF-8 -XX:+ShowCodeDetailsInExceptionMessages learn._23_LearnWaits

Host: AMD Ryzen 3 7335U with Radeon Graphics         , 8 cores, 6G,  Windows 11 , 64 bit Build 26100 (10.0.26100.4768)
Time: Thu Jul 24 21:49:19 2025 India Standard Time elapsed time: 8.184101 seconds (0d 0h 0m 8s)

---------------  T H R E A D  ---------------

Current thread (0x000002767f869780):  JavaThread "C2 CompilerThread0" daemon [_thread_in_native, id=30568, stack(0x000000e1bfb00000,0x000000e1bfc00000) (1024K)]


Current CompileTask:
C2:8184 1783       4       java.lang.invoke.MethodType::makeImpl (109 bytes)

Stack: [0x000000e1bfb00000,0x000000e1bfc00000]
Native frames: (J=compiled Java code, j=interpreted, Vv=VM code, C=native code)
V  [jvm.dll+0x6cdee9]
V  [jvm.dll+0x8a83d1]
V  [jvm.dll+0x8aa8fe]
V  [jvm.dll+0x8aafe3]
V  [jvm.dll+0x27f706]
V  [jvm.dll+0xc500d]
V  [jvm.dll+0xc5543]
V  [jvm.dll+0x2f2acd]
V  [jvm.dll+0x5f6a2a]
V  [jvm.dll+0x250bb2]
V  [jvm.dll+0x24965f]
V  [jvm.dll+0x246ec4]
V  [jvm.dll+0x1c75ee]
V  [jvm.dll+0x25685a]
V  [jvm.dll+0x254dfa]
V  [jvm.dll+0x3f0256]
V  [jvm.dll+0x851f8b]
V  [jvm.dll+0x6cc5ed]
C  [ucrtbase.dll+0x37b0]
C  [KERNEL32.DLL+0x2e8d7]
C  [ntdll.dll+0x3c34c]


---------------  P R O C E S S  ---------------

Threads class SMR info:
_java_thread_list=0x00000276475a15c0, length=28, elements={
0x0000027667b14680, 0x000002767f843ef0, 0x000002767f844550, 0x000002767f84a840,
0x000002767f84ba10, 0x000002767f85aec0, 0x000002767f85e660, 0x000002767f869780,
0x000002767f86be30, 0x000002767f9a3460, 0x000002767f9b2920, 0x0000027647020c40,
0x00000276474f7560, 0x000002764732d460, 0x000002764732df60, 0x0000027647340a80,
0x0000027647342910, 0x00000276473465e0, 0x00000276477fe260, 0x0000027647828820,
0x0000027647829540, 0x0000027647828eb0, 0x0000027647827b00, 0x00000276478260c0,
0x0000027647827470, 0x0000027647826750, 0x0000027647826de0, 0x0000027647828190
}

Java Threads: ( => current thread )
  0x0000027667b14680 JavaThread "Forwarding get on session 5edb165948d5690bc61e066c563258a1 to remote"        [_thread_blocked, id=31444, stack(0x000000e1bed00000,0x000000e1bee00000) (1024K)]
  0x000002767f843ef0 JavaThread "Reference Handler"          daemon [_thread_blocked, id=9792, stack(0x000000e1bf500000,0x000000e1bf600000) (1024K)]
  0x000002767f844550 JavaThread "Finalizer"                  daemon [_thread_blocked, id=23604, stack(0x000000e1bf600000,0x000000e1bf700000) (1024K)]
  0x000002767f84a840 JavaThread "Signal Dispatcher"          daemon [_thread_blocked, id=23940, stack(0x000000e1bf700000,0x000000e1bf800000) (1024K)]
  0x000002767f84ba10 JavaThread "Attach Listener"            daemon [_thread_blocked, id=24820, stack(0x000000e1bf800000,0x000000e1bf900000) (1024K)]
  0x000002767f85aec0 JavaThread "Service Thread"             daemon [_thread_blocked, id=27388, stack(0x000000e1bf900000,0x000000e1bfa00000) (1024K)]
  0x000002767f85e660 JavaThread "Monitor Deflation Thread"   daemon [_thread_blocked, id=7680, stack(0x000000e1bfa00000,0x000000e1bfb00000) (1024K)]
=>0x000002767f869780 JavaThread "C2 CompilerThread0"         daemon [_thread_in_native, id=30568, stack(0x000000e1bfb00000,0x000000e1bfc00000) (1024K)]
  0x000002767f86be30 JavaThread "C1 CompilerThread0"         daemon [_thread_blocked, id=25460, stack(0x000000e1bfc00000,0x000000e1bfd00000) (1024K)]
  0x000002767f9a3460 JavaThread "Notification Thread"        daemon [_thread_blocked, id=29900, stack(0x000000e1bfd00000,0x000000e1bfe00000) (1024K)]
  0x000002767f9b2920 JavaThread "Common-Cleaner"             daemon [_thread_blocked, id=31488, stack(0x000000e1bfe00000,0x000000e1bff00000) (1024K)]
  0x0000027647020c40 JavaThread "ForkJoinPool.commonPool-worker-1" daemon [_thread_blocked, id=28388, stack(0x000000e1c0000000,0x000000e1c0100000) (1024K)]
  0x00000276474f7560 JavaThread "HttpClient-1-SelectorManager" daemon [_thread_in_native, id=17288, stack(0x000000e1c0100000,0x000000e1c0200000) (1024K)]
  0x000002764732d460 JavaThread "External Process Output Forwarder - ./Drivers/chromedriver.exe" daemon [_thread_in_native, id=31188, stack(0x000000e1c0200000,0x000000e1c0300000) (1024K)]
  0x000002764732df60 JavaThread "Driver Service Executor"    daemon [_thread_blocked, id=20632, stack(0x000000e1c0300000,0x000000e1c0400000) (1024K)]
  0x0000027647340a80 JavaThread "Driver Service Executor"    daemon [_thread_in_native, id=12180, stack(0x000000e1c0b00000,0x000000e1c0c00000) (1024K)]
  0x0000027647342910 JavaThread "UrlChecker-2"               daemon [_thread_blocked, id=30020, stack(0x000000e1c0c00000,0x000000e1c0d00000) (1024K)]
  0x00000276473465e0 JavaThread "Keep-Alive-Timer"           daemon [_thread_blocked, id=20828, stack(0x000000e1c0e00000,0x000000e1c0f00000) (1024K)]
  0x00000276477fe260 JavaThread "JdkHttpClient-0-0"          daemon [_thread_blocked, id=24132, stack(0x000000e1bff00000,0x000000e1c0000000) (1024K)]
  0x0000027647828820 JavaThread "CompletableFutureDelayScheduler" daemon [_thread_blocked, id=6960, stack(0x000000e1c0f00000,0x000000e1c1000000) (1024K)]
  0x0000027647829540 JavaThread "JdkHttpClient-0-1"          daemon [_thread_blocked, id=9632, stack(0x000000e1c1000000,0x000000e1c1100000) (1024K)]
  0x0000027647828eb0 JavaThread "JdkHttpClient-0-2"          daemon [_thread_blocked, id=30428, stack(0x000000e1c1100000,0x000000e1c1200000) (1024K)]
  0x0000027647827b00 JavaThread "JdkHttpClient-0-3"          daemon [_thread_blocked, id=19372, stack(0x000000e1c1200000,0x000000e1c1300000) (1024K)]
  0x00000276478260c0 JavaThread "HttpClient-2-SelectorManager" daemon [_thread_in_native, id=31172, stack(0x000000e1c1300000,0x000000e1c1400000) (1024K)]
  0x0000027647827470 JavaThread "JdkHttpClient-1-0"          daemon [_thread_blocked, id=27344, stack(0x000000e1c1400000,0x000000e1c1500000) (1024K)]
  0x0000027647826750 JavaThread "JdkHttpClient-1-1"          daemon [_thread_blocked, id=29036, stack(0x000000e1c1500000,0x000000e1c1600000) (1024K)]
  0x0000027647826de0 JavaThread "JdkHttpClient-1-2"          daemon [_thread_blocked, id=17900, stack(0x000000e1c1600000,0x000000e1c1700000) (1024K)]
  0x0000027647828190 JavaThread "JdkHttpClient-1-3"          daemon [_thread_blocked, id=23360, stack(0x000000e1c1700000,0x000000e1c1800000) (1024K)]
Total: 28

Other Threads:
  0x000002767f82ec30 VMThread "VM Thread"                           [id=30184, stack(0x000000e1bf400000,0x000000e1bf500000) (1024K)]
  0x000002767f818be0 WatcherThread "VM Periodic Task Thread"        [id=10304, stack(0x000000e1bf300000,0x000000e1bf400000) (1024K)]
  0x0000027669f6c220 WorkerThread "GC Thread#0"                     [id=26084, stack(0x000000e1bee00000,0x000000e1bef00000) (1024K)]
  0x000002764732e5c0 WorkerThread "GC Thread#1"                     [id=18468, stack(0x000000e1c0400000,0x000000e1c0500000) (1024K)]
  0x00000276474fd700 WorkerThread "GC Thread#2"                     [id=25320, stack(0x000000e1c0500000,0x000000e1c0600000) (1024K)]
  0x00000276475023f0 WorkerThread "GC Thread#3"                     [id=19876, stack(0x000000e1c0600000,0x000000e1c0700000) (1024K)]
  0x0000027647502790 WorkerThread "GC Thread#4"                     [id=18500, stack(0x000000e1c0700000,0x000000e1c0800000) (1024K)]
  0x0000027647502b30 WorkerThread "GC Thread#5"                     [id=21248, stack(0x000000e1c0800000,0x000000e1c0900000) (1024K)]
  0x0000027647502ed0 WorkerThread "GC Thread#6"                     [id=4464, stack(0x000000e1c0900000,0x000000e1c0a00000) (1024K)]
  0x0000027647503270 WorkerThread "GC Thread#7"                     [id=18732, stack(0x000000e1c0a00000,0x000000e1c0b00000) (1024K)]
  0x0000027669f7ad40 ConcurrentGCThread "G1 Main Marker"            [id=9016, stack(0x000000e1bef00000,0x000000e1bf000000) (1024K)]
  0x0000027669f7e920 WorkerThread "G1 Conc#0"                       [id=25100, stack(0x000000e1bf000000,0x000000e1bf100000) (1024K)]
  0x0000027669fde400 ConcurrentGCThread "G1 Refine#0"               [id=16376, stack(0x000000e1bf100000,0x000000e1bf200000) (1024K)]
  0x0000027669fdea20 ConcurrentGCThread "G1 Service"                [id=5280, stack(0x000000e1bf200000,0x000000e1bf300000) (1024K)]
Total: 14

Threads with active compile tasks:
C2 CompilerThread0  8227 1783       4       java.lang.invoke.MethodType::makeImpl (109 bytes)
Total: 1

VM state: not at safepoint (normal execution)

VM Mutex/Monitor currently owned by a thread: None

Heap address: 0x0000000092600000, size: 1754 MB, Compressed Oops mode: 32-bit

CDS archive(s) mapped at: [0x0000027602000000-0x0000027602c80000-0x0000027602c80000), size 13107200, SharedBaseAddress: 0x0000027602000000, ArchiveRelocationMode: 1.
Compressed class space mapped at: 0x0000027603000000-0x0000027643000000, reserved size: 1073741824
Narrow klass base: 0x0000027602000000, Narrow klass shift: 0, Narrow klass range: 0x100000000

GC Precious Log:
 CardTable entry size: 512
 Card Set container configuration: InlinePtr #cards 5 size 8 Array Of Cards #cards 12 size 40 Howl #buckets 4 coarsen threshold 1843 Howl Bitmap #cards 512 size 80 coarsen threshold 460 Card regions per heap region 1 cards per card region 2048
 CPUs: 8 total, 8 available
 Memory: 7010M
 Large Page Support: Disabled
 NUMA Support: Disabled
 Compressed Oops: Enabled (32-bit)
 Heap Region Size: 1M
 Heap Min Capacity: 8M
 Heap Initial Capacity: 110M
 Heap Max Capacity: 1754M
 Pre-touch: Disabled
 Parallel Workers: 8
 Concurrent Workers: 2
 Concurrent Refinement Workers: 8
 Periodic GC: Disabled

Heap:
 garbage-first heap   total 112640K, used 19360K [0x0000000092600000, 0x0000000100000000)
  region size 1024K, 17 young (17408K), 3 survivors (3072K)
 Metaspace       used 11978K, committed 12352K, reserved 1114112K
  class space    used 1411K, committed 1600K, reserved 1048576K

Heap Regions: E=young(eden), S=young(survivor), O=old, HS=humongous(starts), HC=humongous(continues), CS=collection set, F=free, TAMS=top-at-mark-start, PB=parsable bottom
|   0|0x0000000092600000, 0x0000000092700000, 0x0000000092700000|100%|HS|  |TAMS 0x0000000092600000| PB 0x0000000092600000| Complete 
|   1|0x0000000092700000, 0x0000000092800000, 0x0000000092800000|100%| O|  |TAMS 0x0000000092700000| PB 0x0000000092700000| Untracked 
|   2|0x0000000092800000, 0x00000000928e8000, 0x0000000092900000| 90%| O|  |TAMS 0x0000000092800000| PB 0x0000000092800000| Untracked 
|   3|0x0000000092900000, 0x0000000092900000, 0x0000000092a00000|  0%| F|  |TAMS 0x0000000092900000| PB 0x0000000092900000| Untracked 
|   4|0x0000000092a00000, 0x0000000092a00000, 0x0000000092b00000|  0%| F|  |TAMS 0x0000000092a00000| PB 0x0000000092a00000| Untracked 
|   5|0x0000000092b00000, 0x0000000092b00000, 0x0000000092c00000|  0%| F|  |TAMS 0x0000000092b00000| PB 0x0000000092b00000| Untracked 
|   6|0x0000000092c00000, 0x0000000092c00000, 0x0000000092d00000|  0%| F|  |TAMS 0x0000000092c00000| PB 0x0000000092c00000| Untracked 
|   7|0x0000000092d00000, 0x0000000092d00000, 0x0000000092e00000|  0%| F|  |TAMS 0x0000000092d00000| PB 0x0000000092d00000| Untracked 
|   8|0x0000000092e00000, 0x0000000092e00000, 0x0000000092f00000|  0%| F|  |TAMS 0x0000000092e00000| PB 0x0000000092e00000| Untracked 
|   9|0x0000000092f00000, 0x0000000092f00000, 0x0000000093000000|  0%| F|  |TAMS 0x0000000092f00000| PB 0x0000000092f00000| Untracked 
|  10|0x0000000093000000, 0x0000000093000000, 0x0000000093100000|  0%| F|  |TAMS 0x0000000093000000| PB 0x0000000093000000| Untracked 
|  11|0x0000000093100000, 0x0000000093100000, 0x0000000093200000|  0%| F|  |TAMS 0x0000000093100000| PB 0x0000000093100000| Untracked 
|  12|0x0000000093200000, 0x0000000093200000, 0x0000000093300000|  0%| F|  |TAMS 0x0000000093200000| PB 0x0000000093200000| Untracked 
|  13|0x0000000093300000, 0x0000000093300000, 0x0000000093400000|  0%| F|  |TAMS 0x0000000093300000| PB 0x0000000093300000| Untracked 
|  14|0x0000000093400000, 0x0000000093400000, 0x0000000093500000|  0%| F|  |TAMS 0x0000000093400000| PB 0x0000000093400000| Untracked 
|  15|0x0000000093500000, 0x0000000093500000, 0x0000000093600000|  0%| F|  |TAMS 0x0000000093500000| PB 0x0000000093500000| Untracked 
|  16|0x0000000093600000, 0x0000000093600000, 0x0000000093700000|  0%| F|  |TAMS 0x0000000093600000| PB 0x0000000093600000| Untracked 
|  17|0x0000000093700000, 0x0000000093700000, 0x0000000093800000|  0%| F|  |TAMS 0x0000000093700000| PB 0x0000000093700000| Untracked 
|  18|0x0000000093800000, 0x0000000093800000, 0x0000000093900000|  0%| F|  |TAMS 0x0000000093800000| PB 0x0000000093800000| Untracked 
|  19|0x0000000093900000, 0x0000000093900000, 0x0000000093a00000|  0%| F|  |TAMS 0x0000000093900000| PB 0x0000000093900000| Untracked 
|  20|0x0000000093a00000, 0x0000000093a00000, 0x0000000093b00000|  0%| F|  |TAMS 0x0000000093a00000| PB 0x0000000093a00000| Untracked 
|  21|0x0000000093b00000, 0x0000000093b00000, 0x0000000093c00000|  0%| F|  |TAMS 0x0000000093b00000| PB 0x0000000093b00000| Untracked 
|  22|0x0000000093c00000, 0x0000000093c00000, 0x0000000093d00000|  0%| F|  |TAMS 0x0000000093c00000| PB 0x0000000093c00000| Untracked 
|  23|0x0000000093d00000, 0x0000000093d00000, 0x0000000093e00000|  0%| F|  |TAMS 0x0000000093d00000| PB 0x0000000093d00000| Untracked 
|  24|0x0000000093e00000, 0x0000000093e00000, 0x0000000093f00000|  0%| F|  |TAMS 0x0000000093e00000| PB 0x0000000093e00000| Untracked 
|  25|0x0000000093f00000, 0x0000000093f00000, 0x0000000094000000|  0%| F|  |TAMS 0x0000000093f00000| PB 0x0000000093f00000| Untracked 
|  26|0x0000000094000000, 0x0000000094000000, 0x0000000094100000|  0%| F|  |TAMS 0x0000000094000000| PB 0x0000000094000000| Untracked 
|  27|0x0000000094100000, 0x0000000094100000, 0x0000000094200000|  0%| F|  |TAMS 0x0000000094100000| PB 0x0000000094100000| Untracked 
|  28|0x0000000094200000, 0x0000000094200000, 0x0000000094300000|  0%| F|  |TAMS 0x0000000094200000| PB 0x0000000094200000| Untracked 
|  29|0x0000000094300000, 0x0000000094300000, 0x0000000094400000|  0%| F|  |TAMS 0x0000000094300000| PB 0x0000000094300000| Untracked 
|  30|0x0000000094400000, 0x0000000094400000, 0x0000000094500000|  0%| F|  |TAMS 0x0000000094400000| PB 0x0000000094400000| Untracked 
|  31|0x0000000094500000, 0x0000000094500000, 0x0000000094600000|  0%| F|  |TAMS 0x0000000094500000| PB 0x0000000094500000| Untracked 
|  32|0x0000000094600000, 0x0000000094600000, 0x0000000094700000|  0%| F|  |TAMS 0x0000000094600000| PB 0x0000000094600000| Untracked 
|  33|0x0000000094700000, 0x0000000094700000, 0x0000000094800000|  0%| F|  |TAMS 0x0000000094700000| PB 0x0000000094700000| Untracked 
|  34|0x0000000094800000, 0x0000000094800000, 0x0000000094900000|  0%| F|  |TAMS 0x0000000094800000| PB 0x0000000094800000| Untracked 
|  35|0x0000000094900000, 0x0000000094900000, 0x0000000094a00000|  0%| F|  |TAMS 0x0000000094900000| PB 0x0000000094900000| Untracked 
|  36|0x0000000094a00000, 0x0000000094a00000, 0x0000000094b00000|  0%| F|  |TAMS 0x0000000094a00000| PB 0x0000000094a00000| Untracked 
|  37|0x0000000094b00000, 0x0000000094b00000, 0x0000000094c00000|  0%| F|  |TAMS 0x0000000094b00000| PB 0x0000000094b00000| Untracked 
|  38|0x0000000094c00000, 0x0000000094c00000, 0x0000000094d00000|  0%| F|  |TAMS 0x0000000094c00000| PB 0x0000000094c00000| Untracked 
|  39|0x0000000094d00000, 0x0000000094d00000, 0x0000000094e00000|  0%| F|  |TAMS 0x0000000094d00000| PB 0x0000000094d00000| Untracked 
|  40|0x0000000094e00000, 0x0000000094e00000, 0x0000000094f00000|  0%| F|  |TAMS 0x0000000094e00000| PB 0x0000000094e00000| Untracked 
|  41|0x0000000094f00000, 0x0000000094f00000, 0x0000000095000000|  0%| F|  |TAMS 0x0000000094f00000| PB 0x0000000094f00000| Untracked 
|  42|0x0000000095000000, 0x0000000095000000, 0x0000000095100000|  0%| F|  |TAMS 0x0000000095000000| PB 0x0000000095000000| Untracked 
|  43|0x0000000095100000, 0x0000000095100000, 0x0000000095200000|  0%| F|  |TAMS 0x0000000095100000| PB 0x0000000095100000| Untracked 
|  44|0x0000000095200000, 0x0000000095200000, 0x0000000095300000|  0%| F|  |TAMS 0x0000000095200000| PB 0x0000000095200000| Untracked 
|  45|0x0000000095300000, 0x0000000095300000, 0x0000000095400000|  0%| F|  |TAMS 0x0000000095300000| PB 0x0000000095300000| Untracked 
|  46|0x0000000095400000, 0x0000000095400000, 0x0000000095500000|  0%| F|  |TAMS 0x0000000095400000| PB 0x0000000095400000| Untracked 
|  47|0x0000000095500000, 0x0000000095500000, 0x0000000095600000|  0%| F|  |TAMS 0x0000000095500000| PB 0x0000000095500000| Untracked 
|  48|0x0000000095600000, 0x0000000095600000, 0x0000000095700000|  0%| F|  |TAMS 0x0000000095600000| PB 0x0000000095600000| Untracked 
|  49|0x0000000095700000, 0x0000000095700000, 0x0000000095800000|  0%| F|  |TAMS 0x0000000095700000| PB 0x0000000095700000| Untracked 
|  50|0x0000000095800000, 0x0000000095800000, 0x0000000095900000|  0%| F|  |TAMS 0x0000000095800000| PB 0x0000000095800000| Untracked 
|  51|0x0000000095900000, 0x0000000095900000, 0x0000000095a00000|  0%| F|  |TAMS 0x0000000095900000| PB 0x0000000095900000| Untracked 
|  52|0x0000000095a00000, 0x0000000095a00000, 0x0000000095b00000|  0%| F|  |TAMS 0x0000000095a00000| PB 0x0000000095a00000| Untracked 
|  53|0x0000000095b00000, 0x0000000095b00000, 0x0000000095c00000|  0%| F|  |TAMS 0x0000000095b00000| PB 0x0000000095b00000| Untracked 
|  54|0x0000000095c00000, 0x0000000095c00000, 0x0000000095d00000|  0%| F|  |TAMS 0x0000000095c00000| PB 0x0000000095c00000| Untracked 
|  55|0x0000000095d00000, 0x0000000095d00000, 0x0000000095e00000|  0%| F|  |TAMS 0x0000000095d00000| PB 0x0000000095d00000| Untracked 
|  56|0x0000000095e00000, 0x0000000095e00000, 0x0000000095f00000|  0%| F|  |TAMS 0x0000000095e00000| PB 0x0000000095e00000| Untracked 
|  57|0x0000000095f00000, 0x0000000095f00000, 0x0000000096000000|  0%| F|  |TAMS 0x0000000095f00000| PB 0x0000000095f00000| Untracked 
|  58|0x0000000096000000, 0x0000000096000000, 0x0000000096100000|  0%| F|  |TAMS 0x0000000096000000| PB 0x0000000096000000| Untracked 
|  59|0x0000000096100000, 0x0000000096100000, 0x0000000096200000|  0%| F|  |TAMS 0x0000000096100000| PB 0x0000000096100000| Untracked 
|  60|0x0000000096200000, 0x0000000096200000, 0x0000000096300000|  0%| F|  |TAMS 0x0000000096200000| PB 0x0000000096200000| Untracked 
|  61|0x0000000096300000, 0x0000000096300000, 0x0000000096400000|  0%| F|  |TAMS 0x0000000096300000| PB 0x0000000096300000| Untracked 
|  62|0x0000000096400000, 0x0000000096400000, 0x0000000096500000|  0%| F|  |TAMS 0x0000000096400000| PB 0x0000000096400000| Untracked 
|  63|0x0000000096500000, 0x0000000096500000, 0x0000000096600000|  0%| F|  |TAMS 0x0000000096500000| PB 0x0000000096500000| Untracked 
|  64|0x0000000096600000, 0x0000000096600000, 0x0000000096700000|  0%| F|  |TAMS 0x0000000096600000| PB 0x0000000096600000| Untracked 
|  65|0x0000000096700000, 0x0000000096700000, 0x0000000096800000|  0%| F|  |TAMS 0x0000000096700000| PB 0x0000000096700000| Untracked 
|  66|0x0000000096800000, 0x0000000096800000, 0x0000000096900000|  0%| F|  |TAMS 0x0000000096800000| PB 0x0000000096800000| Untracked 
|  67|0x0000000096900000, 0x0000000096900000, 0x0000000096a00000|  0%| F|  |TAMS 0x0000000096900000| PB 0x0000000096900000| Untracked 
|  68|0x0000000096a00000, 0x0000000096a00000, 0x0000000096b00000|  0%| F|  |TAMS 0x0000000096a00000| PB 0x0000000096a00000| Untracked 
|  69|0x0000000096b00000, 0x0000000096b00000, 0x0000000096c00000|  0%| F|  |TAMS 0x0000000096b00000| PB 0x0000000096b00000| Untracked 
|  70|0x0000000096c00000, 0x0000000096c00000, 0x0000000096d00000|  0%| F|  |TAMS 0x0000000096c00000| PB 0x0000000096c00000| Untracked 
|  71|0x0000000096d00000, 0x0000000096d00000, 0x0000000096e00000|  0%| F|  |TAMS 0x0000000096d00000| PB 0x0000000096d00000| Untracked 
|  72|0x0000000096e00000, 0x0000000096e00000, 0x0000000096f00000|  0%| F|  |TAMS 0x0000000096e00000| PB 0x0000000096e00000| Untracked 
|  73|0x0000000096f00000, 0x0000000096f00000, 0x0000000097000000|  0%| F|  |TAMS 0x0000000096f00000| PB 0x0000000096f00000| Untracked 
|  74|0x0000000097000000, 0x0000000097000000, 0x0000000097100000|  0%| F|  |TAMS 0x0000000097000000| PB 0x0000000097000000| Untracked 
|  75|0x0000000097100000, 0x0000000097100000, 0x0000000097200000|  0%| F|  |TAMS 0x0000000097100000| PB 0x0000000097100000| Untracked 
|  76|0x0000000097200000, 0x0000000097200000, 0x0000000097300000|  0%| F|  |TAMS 0x0000000097200000| PB 0x0000000097200000| Untracked 
|  77|0x0000000097300000, 0x0000000097300000, 0x0000000097400000|  0%| F|  |TAMS 0x0000000097300000| PB 0x0000000097300000| Untracked 
|  78|0x0000000097400000, 0x0000000097400000, 0x0000000097500000|  0%| F|  |TAMS 0x0000000097400000| PB 0x0000000097400000| Untracked 
|  79|0x0000000097500000, 0x0000000097500000, 0x0000000097600000|  0%| F|  |TAMS 0x0000000097500000| PB 0x0000000097500000| Untracked 
|  80|0x0000000097600000, 0x0000000097600000, 0x0000000097700000|  0%| F|  |TAMS 0x0000000097600000| PB 0x0000000097600000| Untracked 
|  81|0x0000000097700000, 0x0000000097700000, 0x0000000097800000|  0%| F|  |TAMS 0x0000000097700000| PB 0x0000000097700000| Untracked 
|  82|0x0000000097800000, 0x0000000097800000, 0x0000000097900000|  0%| F|  |TAMS 0x0000000097800000| PB 0x0000000097800000| Untracked 
|  83|0x0000000097900000, 0x0000000097900000, 0x0000000097a00000|  0%| F|  |TAMS 0x0000000097900000| PB 0x0000000097900000| Untracked 
|  84|0x0000000097a00000, 0x0000000097b00000, 0x0000000097b00000|100%| S|CS|TAMS 0x0000000097a00000| PB 0x0000000097a00000| Complete 
|  85|0x0000000097b00000, 0x0000000097c00000, 0x0000000097c00000|100%| S|CS|TAMS 0x0000000097b00000| PB 0x0000000097b00000| Complete 
|  86|0x0000000097c00000, 0x0000000097d00000, 0x0000000097d00000|100%| S|CS|TAMS 0x0000000097c00000| PB 0x0000000097c00000| Complete 
|  87|0x0000000097d00000, 0x0000000097d00000, 0x0000000097e00000|  0%| F|  |TAMS 0x0000000097d00000| PB 0x0000000097d00000| Untracked 
|  88|0x0000000097e00000, 0x0000000097e00000, 0x0000000097f00000|  0%| F|  |TAMS 0x0000000097e00000| PB 0x0000000097e00000| Untracked 
|  89|0x0000000097f00000, 0x0000000097f00000, 0x0000000098000000|  0%| F|  |TAMS 0x0000000097f00000| PB 0x0000000097f00000| Untracked 
|  90|0x0000000098000000, 0x0000000098000000, 0x0000000098100000|  0%| F|  |TAMS 0x0000000098000000| PB 0x0000000098000000| Untracked 
|  91|0x0000000098100000, 0x0000000098100000, 0x0000000098200000|  0%| F|  |TAMS 0x0000000098100000| PB 0x0000000098100000| Untracked 
|  92|0x0000000098200000, 0x0000000098200000, 0x0000000098300000|  0%| F|  |TAMS 0x0000000098200000| PB 0x0000000098200000| Untracked 
|  93|0x0000000098300000, 0x0000000098300000, 0x0000000098400000|  0%| F|  |TAMS 0x0000000098300000| PB 0x0000000098300000| Untracked 
|  94|0x0000000098400000, 0x0000000098400000, 0x0000000098500000|  0%| F|  |TAMS 0x0000000098400000| PB 0x0000000098400000| Untracked 
|  95|0x0000000098500000, 0x0000000098500000, 0x0000000098600000|  0%| F|  |TAMS 0x0000000098500000| PB 0x0000000098500000| Untracked 
|  96|0x0000000098600000, 0x000000009867ef68, 0x0000000098700000| 49%| E|  |TAMS 0x0000000098600000| PB 0x0000000098600000| Complete 
|  97|0x0000000098700000, 0x0000000098800000, 0x0000000098800000|100%| E|CS|TAMS 0x0000000098700000| PB 0x0000000098700000| Complete 
|  98|0x0000000098800000, 0x0000000098900000, 0x0000000098900000|100%| E|CS|TAMS 0x0000000098800000| PB 0x0000000098800000| Complete 
|  99|0x0000000098900000, 0x0000000098a00000, 0x0000000098a00000|100%| E|CS|TAMS 0x0000000098900000| PB 0x0000000098900000| Complete 
| 100|0x0000000098a00000, 0x0000000098b00000, 0x0000000098b00000|100%| E|CS|TAMS 0x0000000098a00000| PB 0x0000000098a00000| Complete 
| 101|0x0000000098b00000, 0x0000000098c00000, 0x0000000098c00000|100%| E|CS|TAMS 0x0000000098b00000| PB 0x0000000098b00000| Complete 
| 102|0x0000000098c00000, 0x0000000098d00000, 0x0000000098d00000|100%| E|CS|TAMS 0x0000000098c00000| PB 0x0000000098c00000| Complete 
| 103|0x0000000098d00000, 0x0000000098e00000, 0x0000000098e00000|100%| E|CS|TAMS 0x0000000098d00000| PB 0x0000000098d00000| Complete 
| 104|0x0000000098e00000, 0x0000000098f00000, 0x0000000098f00000|100%| E|CS|TAMS 0x0000000098e00000| PB 0x0000000098e00000| Complete 
| 105|0x0000000098f00000, 0x0000000099000000, 0x0000000099000000|100%| E|CS|TAMS 0x0000000098f00000| PB 0x0000000098f00000| Complete 
| 106|0x0000000099000000, 0x0000000099100000, 0x0000000099100000|100%| E|CS|TAMS 0x0000000099000000| PB 0x0000000099000000| Complete 
| 107|0x0000000099100000, 0x0000000099200000, 0x0000000099200000|100%| E|CS|TAMS 0x0000000099100000| PB 0x0000000099100000| Complete 
| 108|0x0000000099200000, 0x0000000099300000, 0x0000000099300000|100%| E|CS|TAMS 0x0000000099200000| PB 0x0000000099200000| Complete 
| 109|0x0000000099300000, 0x0000000099400000, 0x0000000099400000|100%| E|CS|TAMS 0x0000000099300000| PB 0x0000000099300000| Complete 

Card table byte_map: [0x000002767cf50000,0x000002767d2c0000] _byte_map_base: 0x000002767cabd000

Marking Bits: (CMBitMap*) 0x0000027669f6c920
 Bits: [0x000002767d2c0000, 0x000002767ee28000)

Polling page: 0x0000027667ce0000

Metaspace:

Usage:
  Non-class:     10.32 MB used.
      Class:      1.38 MB used.
       Both:     11.70 MB used.

Virtual space:
  Non-class space:       64.00 MB reserved,      10.50 MB ( 16%) committed,  1 nodes.
      Class space:        1.00 GB reserved,       1.56 MB ( <1%) committed,  1 nodes.
             Both:        1.06 GB reserved,      12.06 MB (  1%) committed. 

Chunk freelists:
   Non-Class:  5.19 MB
       Class:  14.36 MB
        Both:  19.55 MB

MaxMetaspaceSize: unlimited
CompressedClassSpaceSize: 1.00 GB
Initial GC threshold: 21.00 MB
Current GC threshold: 21.00 MB
CDS: on
 - commit_granule_bytes: 65536.
 - commit_granule_words: 8192.
 - virtual_space_node_default_size: 8388608.
 - enlarge_chunks_in_place: 1.
 - use_allocation_guard: 0.


Internal statistics:

num_allocs_failed_limit: 0.
num_arena_births: 324.
num_arena_deaths: 0.
num_vsnodes_births: 2.
num_vsnodes_deaths: 0.
num_space_committed: 193.
num_space_uncommitted: 0.
num_chunks_returned_to_freelist: 0.
num_chunks_taken_from_freelist: 614.
num_chunk_merges: 0.
num_chunk_splits: 346.
num_chunks_enlarged: 189.
num_inconsistent_stats: 0.

CodeHeap 'non-profiled nmethods': size=120000Kb used=544Kb max_used=544Kb free=119455Kb
 bounds [0x0000027675380000, 0x00000276755f0000, 0x000002767c8b0000]
CodeHeap 'profiled nmethods': size=120000Kb used=3358Kb max_used=3358Kb free=116641Kb
 bounds [0x000002766d8b0000, 0x000002766dc00000, 0x0000027674de0000]
CodeHeap 'non-nmethods': size=5760Kb used=1442Kb max_used=1460Kb free=4318Kb
 bounds [0x0000027674de0000, 0x0000027675050000, 0x0000027675380000]
 total_blobs=2328 nmethods=1798 adapters=435
 compilation: enabled
              stopped_count=0, restarted_count=0
 full_count=0

Compilation events (20 events):
Event: 2.067 Thread 0x000002767f86be30 1790       3       java.util.stream.AbstractPipeline::wrapAndCopyInto (18 bytes)
Event: 2.067 Thread 0x000002767f86be30 nmethod 1790 0x000002766dbf3310 code [0x000002766dbf3500, 0x000002766dbf3908]
Event: 2.067 Thread 0x000002767f86be30 1792       3       java.util.stream.Sink::end (1 bytes)
Event: 2.067 Thread 0x000002767f86be30 nmethod 1792 0x000002766dbf3a90 code [0x000002766dbf3c20, 0x000002766dbf3d28]
Event: 2.067 Thread 0x000002767f86be30 1793       3       java.lang.invoke.DirectMethodHandle$Holder::newInvokeSpecial (24 bytes)
Event: 2.068 Thread 0x000002767f86be30 nmethod 1793 0x000002766dbf3d90 code [0x000002766dbf3f80, 0x000002766dbf4530]
Event: 2.068 Thread 0x000002767f86be30 1794       3       java.security.AccessController::executePrivileged (65 bytes)
Event: 2.068 Thread 0x000002767f86be30 nmethod 1794 0x000002766dbf4710 code [0x000002766dbf48e0, 0x000002766dbf4be0]
Event: 2.068 Thread 0x000002767f86be30 1795       3       java.security.AccessController::doPrivileged (9 bytes)
Event: 2.068 Thread 0x000002767f86be30 nmethod 1795 0x000002766dbf4d10 code [0x000002766dbf4ee0, 0x000002766dbf5218]
Event: 2.068 Thread 0x000002767f86be30 1796       1       java.util.TreeMap::size (5 bytes)
Event: 2.068 Thread 0x000002767f86be30 nmethod 1796 0x0000027675408090 code [0x0000027675408220, 0x00000276754082e8]
Event: 2.068 Thread 0x000002767f86be30 1797       3       java.util.stream.AbstractPipeline::sourceSpliterator (265 bytes)
Event: 2.069 Thread 0x000002767f86be30 nmethod 1797 0x000002766dbf5390 code [0x000002766dbf5640, 0x000002766dbf65e8]
Event: 2.069 Thread 0x000002767f86be30 1798       3       java.util.TreeMap$PrivateEntryIterator::hasNext (13 bytes)
Event: 2.069 Thread 0x000002767f86be30 nmethod 1798 0x000002766dbf6b10 code [0x000002766dbf6ca0, 0x000002766dbf6e00]
Event: 2.069 Thread 0x000002767f86be30 1799       3       java.util.concurrent.atomic.AtomicLong::incrementAndGet (14 bytes)
Event: 2.069 Thread 0x000002767f86be30 nmethod 1799 0x000002766dbf6e90 code [0x000002766dbf7020, 0x000002766dbf7148]
Event: 5.076 Thread 0x000002767f86be30 1800       3       java.util.ArrayList::clear (43 bytes)
Event: 5.077 Thread 0x000002767f86be30 nmethod 1800 0x000002766dbf7210 code [0x000002766dbf73c0, 0x000002766dbf7738]

GC Heap History (2 events):
Event: 0.978 GC heap before
{Heap before GC invocations=0 (full 0):
 garbage-first heap   total 112640K, used 23552K [0x0000000092600000, 0x0000000100000000)
  region size 1024K, 23 young (23552K), 0 survivors (0K)
 Metaspace       used 8308K, committed 8576K, reserved 1114112K
  class space    used 927K, committed 1024K, reserved 1048576K
}
Event: 0.990 GC heap after
{Heap after GC invocations=1 (full 0):
 garbage-first heap   total 112640K, used 6048K [0x0000000092600000, 0x0000000100000000)
  region size 1024K, 3 young (3072K), 3 survivors (3072K)
 Metaspace       used 8308K, committed 8576K, reserved 1114112K
  class space    used 927K, committed 1024K, reserved 1048576K
}

Dll operation events (10 events):
Event: 0.011 Loaded shared library C:\Users\kinne\.p2\pool\plugins\org.eclipse.justj.openjdk.hotspot.jre.full.win32.x86_64_21.0.6.v20250130-0529\jre\bin\java.dll
Event: 0.039 Loaded shared library C:\Users\kinne\.p2\pool\plugins\org.eclipse.justj.openjdk.hotspot.jre.full.win32.x86_64_21.0.6.v20250130-0529\jre\bin\zip.dll
Event: 0.104 Loaded shared library C:\Users\kinne\.p2\pool\plugins\org.eclipse.justj.openjdk.hotspot.jre.full.win32.x86_64_21.0.6.v20250130-0529\jre\bin\net.dll
Event: 0.108 Loaded shared library C:\Users\kinne\.p2\pool\plugins\org.eclipse.justj.openjdk.hotspot.jre.full.win32.x86_64_21.0.6.v20250130-0529\jre\bin\nio.dll
Event: 0.113 Loaded shared library C:\Users\kinne\.p2\pool\plugins\org.eclipse.justj.openjdk.hotspot.jre.full.win32.x86_64_21.0.6.v20250130-0529\jre\bin\zip.dll
Event: 0.229 Loaded shared library C:\Users\kinne\.p2\pool\plugins\org.eclipse.justj.openjdk.hotspot.jre.full.win32.x86_64_21.0.6.v20250130-0529\jre\bin\jimage.dll
Event: 0.289 Loaded shared library C:\Users\kinne\.p2\pool\plugins\org.eclipse.justj.openjdk.hotspot.jre.full.win32.x86_64_21.0.6.v20250130-0529\jre\bin\extnet.dll
Event: 0.343 Loaded shared library C:\Users\kinne\.p2\pool\plugins\org.eclipse.justj.openjdk.hotspot.jre.full.win32.x86_64_21.0.6.v20250130-0529\jre\bin\management.dll
Event: 0.347 Loaded shared library C:\Users\kinne\.p2\pool\plugins\org.eclipse.justj.openjdk.hotspot.jre.full.win32.x86_64_21.0.6.v20250130-0529\jre\bin\management_ext.dll
Event: 0.569 Loaded shared library C:\Users\kinne\.p2\pool\plugins\org.eclipse.justj.openjdk.hotspot.jre.full.win32.x86_64_21.0.6.v20250130-0529\jre\bin\sunmscapi.dll

Deoptimization events (20 events):
Event: 0.886 Thread 0x0000027667b14680 DEOPT PACKING pc=0x00000276753cdb14 sp=0x000000e1bedfc780
Event: 0.886 Thread 0x0000027667b14680 DEOPT UNPACKING pc=0x0000027674e346a2 sp=0x000000e1bedfc6c8 mode 2
Event: 0.935 Thread 0x0000027667b14680 DEOPT PACKING pc=0x000002766d8dfa45 sp=0x000000e1bedfae50
Event: 0.935 Thread 0x0000027667b14680 DEOPT UNPACKING pc=0x0000027674e34e42 sp=0x000000e1bedfa2a0 mode 0
Event: 0.954 Thread 0x0000027667b14680 Uncommon trap: trap_request=0xffffffde fr.pc=0x00000276753a44e4 relative=0x0000000000000304
Event: 0.954 Thread 0x0000027667b14680 Uncommon trap: reason=class_check action=maybe_recompile pc=0x00000276753a44e4 method=java.util.regex.Pattern$BmpCharPropertyGreedy.match(Ljava/util/regex/Matcher;ILjava/lang/CharSequence;)Z @ 26 c2
Event: 0.954 Thread 0x0000027667b14680 DEOPT PACKING pc=0x00000276753a44e4 sp=0x000000e1bedfe3e0
Event: 0.954 Thread 0x0000027667b14680 DEOPT UNPACKING pc=0x0000027674e346a2 sp=0x000000e1bedfe398 mode 2
Event: 0.954 Thread 0x0000027667b14680 Uncommon trap: trap_request=0xffffffde fr.pc=0x00000276753a44e4 relative=0x0000000000000304
Event: 0.954 Thread 0x0000027667b14680 Uncommon trap: reason=class_check action=maybe_recompile pc=0x00000276753a44e4 method=java.util.regex.Pattern$BmpCharPropertyGreedy.match(Ljava/util/regex/Matcher;ILjava/lang/CharSequence;)Z @ 26 c2
Event: 0.954 Thread 0x0000027667b14680 DEOPT PACKING pc=0x00000276753a44e4 sp=0x000000e1bedfe3e0
Event: 0.954 Thread 0x0000027667b14680 DEOPT UNPACKING pc=0x0000027674e346a2 sp=0x000000e1bedfe398 mode 2
Event: 0.998 Thread 0x0000027647342910 Uncommon trap: trap_request=0xffffffde fr.pc=0x00000276753a44e4 relative=0x0000000000000304
Event: 0.998 Thread 0x0000027647342910 Uncommon trap: reason=class_check action=maybe_recompile pc=0x00000276753a44e4 method=java.util.regex.Pattern$BmpCharPropertyGreedy.match(Ljava/util/regex/Matcher;ILjava/lang/CharSequence;)Z @ 26 c2
Event: 0.998 Thread 0x0000027647342910 DEOPT PACKING pc=0x00000276753a44e4 sp=0x000000e1c0cfe790
Event: 0.998 Thread 0x0000027647342910 DEOPT UNPACKING pc=0x0000027674e346a2 sp=0x000000e1c0cfe728 mode 2
Event: 1.003 Thread 0x0000027647342910 Uncommon trap: trap_request=0xffffff45 fr.pc=0x00000276753df178 relative=0x0000000000000198
Event: 1.003 Thread 0x0000027647342910 Uncommon trap: reason=unstable_if action=reinterpret pc=0x00000276753df178 method=java.lang.invoke.VarHandle.checkAccessModeThenIsDirect(Ljava/lang/invoke/VarHandle$AccessDescriptor;)Z @ 4 c2
Event: 1.003 Thread 0x0000027647342910 DEOPT PACKING pc=0x00000276753df178 sp=0x000000e1c0cfed20
Event: 1.003 Thread 0x0000027647342910 DEOPT UNPACKING pc=0x0000027674e346a2 sp=0x000000e1c0cfec58 mode 2

Classes loaded (20 events):
Event: 1.981 Loading class jdk/internal/access/JavaUtilCollectionAccess done
Event: 1.981 Loading class java/util/ImmutableCollections$Access$1 done
Event: 2.021 Loading class java/util/concurrent/locks/ReadWriteLock
Event: 2.021 Loading class java/util/concurrent/locks/ReadWriteLock done
Event: 2.022 Loading class java/util/concurrent/locks/ReentrantReadWriteLock
Event: 2.022 Loading class java/util/concurrent/locks/ReentrantReadWriteLock done
Event: 2.022 Loading class java/util/concurrent/locks/ReentrantReadWriteLock$FairSync
Event: 2.023 Loading class java/util/concurrent/locks/ReentrantReadWriteLock$Sync
Event: 2.023 Loading class java/util/concurrent/locks/ReentrantReadWriteLock$Sync done
Event: 2.023 Loading class java/util/concurrent/locks/ReentrantReadWriteLock$FairSync done
Event: 2.023 Loading class java/util/concurrent/locks/ReentrantReadWriteLock$Sync$ThreadLocalHoldCounter
Event: 2.023 Loading class java/util/concurrent/locks/ReentrantReadWriteLock$Sync$ThreadLocalHoldCounter done
Event: 2.023 Loading class java/util/concurrent/locks/ReentrantReadWriteLock$ReadLock
Event: 2.023 Loading class java/util/concurrent/locks/ReentrantReadWriteLock$ReadLock done
Event: 2.023 Loading class java/util/concurrent/locks/ReentrantReadWriteLock$WriteLock
Event: 2.023 Loading class java/util/concurrent/locks/ReentrantReadWriteLock$WriteLock done
Event: 2.029 Loading class java/util/LinkedList$DescendingIterator
Event: 2.029 Loading class java/util/LinkedList$DescendingIterator done
Event: 2.030 Loading class sun/net/www/HeaderParser
Event: 2.030 Loading class sun/net/www/HeaderParser done

Classes unloaded (0 events):
No events

Classes redefined (0 events):
No events

Internal exceptions (20 events):
Event: 0.971 Thread 0x0000027667b14680 Exception <a 'java/lang/NoSuchMethodError'{0x0000000097d678e0}: 'java.lang.Object java.lang.invoke.DirectMethodHandle$Holder.newInvokeSpecial(java.lang.Object, long)'> (0x0000000097d678e0) 
thrown [s\src\hotspot\share\interpreter\linkResolver.cpp, line 773]
Event: 0.973 Thread 0x0000027667b14680 Exception <a 'java/lang/NoSuchMethodError'{0x0000000097d6dd38}: 'java.lang.Object java.lang.invoke.DirectMethodHandle$Holder.invokeStatic(java.lang.Object, long, java.lang.Object)'> (0x0000000097d6dd38) 
thrown [s\src\hotspot\share\interpreter\linkResolver.cpp, line 773]
Event: 0.973 Thread 0x0000027667b14680 Exception <a 'java/lang/NoSuchMethodError'{0x0000000097d71500}: 'java.lang.Object java.lang.invoke.DirectMethodHandle$Holder.invokeStaticInit(java.lang.Object, long, java.lang.Object)'> (0x0000000097d71500) 
thrown [s\src\hotspot\share\interpreter\linkResolver.cpp, line 773]
Event: 1.004 Thread 0x0000027647342910 Exception <a 'java/net/ConnectException'{0x000000009925ae60}: Connection refused: getsockopt> (0x000000009925ae60) 
thrown [s\src\hotspot\share\prims\jni.cpp, line 539]
Event: 1.027 Thread 0x0000027647342910 Exception <a 'java/net/ConnectException'{0x000000009925bfb0}: Connection refused: getsockopt> (0x000000009925bfb0) 
thrown [s\src\hotspot\share\prims\jni.cpp, line 539]
Event: 1.112 Thread 0x0000027667b14680 Exception <a 'java/lang/NoSuchMethodError'{0x00000000993cd490}: 'double java.lang.invoke.DirectMethodHandle$Holder.invokeVirtual(java.lang.Object, java.lang.Object)'> (0x00000000993cd490) 
thrown [s\src\hotspot\share\interpreter\linkResolver.cpp, line 773]
Event: 1.113 Thread 0x0000027667b14680 Exception <a 'java/lang/NoSuchMethodError'{0x00000000993d3680}: 'float java.lang.invoke.DirectMethodHandle$Holder.invokeVirtual(java.lang.Object, java.lang.Object)'> (0x00000000993d3680) 
thrown [s\src\hotspot\share\interpreter\linkResolver.cpp, line 773]
Event: 1.114 Thread 0x0000027667b14680 Exception <a 'java/lang/NoSuchMethodError'{0x00000000992a7950}: 'long java.lang.invoke.DirectMethodHandle$Holder.invokeVirtual(java.lang.Object, java.lang.Object)'> (0x00000000992a7950) 
thrown [s\src\hotspot\share\interpreter\linkResolver.cpp, line 773]
Event: 1.119 Thread 0x0000027667b14680 Exception <a 'java/lang/NoSuchMethodError'{0x00000000992cf398}: 'void java.lang.invoke.DirectMethodHandle$Holder.invokeStatic(java.lang.Object, java.lang.Object, java.lang.Object)'> (0x00000000992cf398) 
thrown [s\src\hotspot\share\interpreter\linkResolver.cpp, line 773]
Event: 1.120 Thread 0x0000027667b14680 Exception <a 'java/lang/NoSuchMethodError'{0x00000000992d51d8}: 'java.lang.Object java.lang.invoke.DirectMethodHandle$Holder.invokeVirtual(java.lang.Object, java.lang.Object, java.lang.Object)'> (0x00000000992d51d8) 
thrown [s\src\hotspot\share\interpreter\linkResolver.cpp, line 773]
Event: 1.143 Thread 0x0000027667b14680 Exception <a 'java/lang/NoSuchMethodError'{0x0000000099192ae8}: 'java.lang.Object java.lang.invoke.DirectMethodHandle$Holder.newInvokeSpecial(java.lang.Object, java.lang.Object, int, int)'> (0x0000000099192ae8) 
thrown [s\src\hotspot\share\interpreter\linkResolver.cpp, line 773]
Event: 1.145 Thread 0x0000027667b14680 Exception <a 'java/lang/NoSuchMethodError'{0x000000009919d410}: 'void java.lang.invoke.DirectMethodHandle$Holder.invokeStatic(java.lang.Object, java.lang.Object, int)'> (0x000000009919d410) 
thrown [s\src\hotspot\share\interpreter\linkResolver.cpp, line 773]
Event: 1.165 Thread 0x0000027667b14680 Exception <a 'java/lang/NoSuchMethodError'{0x000000009904cf30}: 'java.lang.Object java.lang.invoke.DirectMethodHandle$Holder.newInvokeSpecial(java.lang.Object, java.lang.Object, java.lang.Object, java.lang.Object, java.lang.Object)'> (0x000000009904cf30) 
thrown [s\src\hotspot\share\interpreter\linkResolver.cpp, line 773]
Event: 1.176 Thread 0x0000027667b14680 Exception <a 'java/lang/NoSuchMethodError'{0x000000009909fc80}: 'void java.lang.invoke.DirectMethodHandle$Holder.invokeStatic(java.lang.Object, java.lang.Object, java.lang.Object, java.lang.Object)'> (0x000000009909fc80) 
thrown [s\src\hotspot\share\interpreter\linkResolver.cpp, line 773]
Event: 1.208 Thread 0x00000276477fe260 Exception <a 'java/lang/NoSuchMethodError'{0x0000000098eaab38}: 'java.lang.Object java.lang.invoke.DirectMethodHandle$Holder.invokeSpecial(java.lang.Object, java.lang.Object, java.lang.Object, java.lang.Object, int)'> (0x0000000098eaab38) 
thrown [s\src\hotspot\share\interpreter\linkResolver.cpp, line 773]
Event: 1.208 Thread 0x00000276477fe260 Exception <a 'java/lang/NoSuchMethodError'{0x0000000098eae6e8}: 'java.lang.Object java.lang.invoke.Invokers$Holder.linkToTargetMethod(java.lang.Object, java.lang.Object, int, java.lang.Object)'> (0x0000000098eae6e8) 
thrown [s\src\hotspot\share\interpreter\linkResolver.cpp, line 773]
Event: 1.216 Thread 0x00000276477fe260 Exception <a 'java/lang/NoSuchMethodError'{0x0000000098d22588}: 'void java.lang.invoke.DirectMethodHandle$Holder.invokeSpecial(java.lang.Object, java.lang.Object, java.lang.Object)'> (0x0000000098d22588) 
thrown [s\src\hotspot\share\interpreter\linkResolver.cpp, line 773]
Event: 1.227 Thread 0x00000276477fe260 Exception <a 'java/lang/NoSuchMethodError'{0x0000000098dc8978}: 'void java.lang.invoke.DirectMethodHandle$Holder.invokeSpecial(java.lang.Object, java.lang.Object, java.lang.Object, java.lang.Object, java.lang.Object)'> (0x0000000098dc8978) 
thrown [s\src\hotspot\share\interpreter\linkResolver.cpp, line 773]
Event: 1.921 Thread 0x0000027647829540 Exception <a 'java/lang/NoSuchMethodError'{0x0000000098b7bc40}: 'void java.lang.invoke.DirectMethodHandle$Holder.invokeSpecial(java.lang.Object, java.lang.Object, java.lang.Object, java.lang.Object, java.lang.Object, java.lang.Object, java.lang.Object)'> (0x0000000098b7bc40) 
thrown [s\src\hotspot\share\interpreter\linkResolver.cpp, line 773]
Event: 1.969 Thread 0x0000027667b14680 Exception <a 'java/lang/NoSuchMethodError'{0x0000000098bda340}: 'java.lang.Object java.lang.invoke.DirectMethodHandle$Holder.invokeSpecialIFC(java.lang.Object, java.lang.Object, java.lang.Object)'> (0x0000000098bda340) 
thrown [s\src\hotspot\share\interpreter\linkResolver.cpp, line 773]

ZGC Phase Switch (0 events):
No events

VM Operations (20 events):
Event: 0.532 Executing VM operation: HandshakeAllThreads (Deoptimize)
Event: 0.533 Executing VM operation: HandshakeAllThreads (Deoptimize) done
Event: 0.575 Executing VM operation: HandshakeAllThreads (Deoptimize)
Event: 0.575 Executing VM operation: HandshakeAllThreads (Deoptimize) done
Event: 0.954 Executing VM operation: ICBufferFull
Event: 0.954 Executing VM operation: ICBufferFull done
Event: 0.978 Executing VM operation: G1CollectForAllocation (G1 Evacuation Pause)
Event: 0.990 Executing VM operation: G1CollectForAllocation (G1 Evacuation Pause) done
Event: 1.062 Executing VM operation: HandshakeAllThreads (Deoptimize)
Event: 1.062 Executing VM operation: HandshakeAllThreads (Deoptimize) done
Event: 1.912 Executing VM operation: HandshakeAllThreads (Deoptimize)
Event: 1.912 Executing VM operation: HandshakeAllThreads (Deoptimize) done
Event: 1.914 Executing VM operation: HandshakeAllThreads (Deoptimize)
Event: 1.914 Executing VM operation: HandshakeAllThreads (Deoptimize) done
Event: 2.066 Executing VM operation: HandshakeAllThreads (Deoptimize)
Event: 2.066 Executing VM operation: HandshakeAllThreads (Deoptimize) done
Event: 2.066 Executing VM operation: Cleanup
Event: 2.066 Executing VM operation: Cleanup done
Event: 3.071 Executing VM operation: Cleanup
Event: 3.071 Executing VM operation: Cleanup done

Memory protections (0 events):
No events

Nmethod flushes (0 events):
No events

Events (20 events):
Event: 0.097 Thread 0x0000027667b14680 Thread added: 0x000002767f9b2920
Event: 0.245 Thread 0x000002767f86be30 Thread added: 0x000002767fb03000
Event: 0.400 Thread 0x0000027667b14680 Thread added: 0x0000027647020c40
Event: 0.926 Thread 0x0000027667b14680 Thread added: 0x00000276474f7560
Event: 0.976 Thread 0x0000027667b14680 Thread added: 0x000002764732d460
Event: 0.978 Thread 0x0000027667b14680 Thread added: 0x000002764732df60
Event: 0.990 Thread 0x0000027667b14680 Thread added: 0x0000027647340a80
Event: 0.994 Thread 0x000002764732df60 Thread added: 0x0000027647342910
Event: 1.062 Thread 0x0000027647342910 Thread added: 0x00000276473465e0
Event: 1.102 Thread 0x000002767fb03000 Thread exited: 0x000002767fb03000
Event: 1.176 Thread 0x0000027667b14680 Thread added: 0x00000276477fe260
Event: 1.179 Thread 0x0000027667b14680 Thread added: 0x0000027647828820
Event: 1.243 Thread 0x00000276474f7560 Thread added: 0x0000027647829540
Event: 1.245 Thread 0x00000276474f7560 Thread added: 0x0000027647828eb0
Event: 1.246 Thread 0x00000276474f7560 Thread added: 0x0000027647827b00
Event: 2.013 Thread 0x0000027667b14680 Thread added: 0x00000276478260c0
Event: 2.014 Thread 0x0000027667b14680 Thread added: 0x0000027647827470
Event: 2.016 Thread 0x00000276478260c0 Thread added: 0x0000027647826750
Event: 2.016 Thread 0x00000276478260c0 Thread added: 0x0000027647826de0
Event: 2.016 Thread 0x00000276478260c0 Thread added: 0x0000027647828190


Dynamic libraries:
0x00007ff677a10000 - 0x00007ff677a1e000 	C:\Users\kinne\.p2\pool\plugins\org.eclipse.justj.openjdk.hotspot.jre.full.win32.x86_64_21.0.6.v20250130-0529\jre\bin\javaw.exe
0x00007ffd65500000 - 0x00007ffd65767000 	C:\WINDOWS\SYSTEM32\ntdll.dll
0x00007ffd64530000 - 0x00007ffd645f9000 	C:\WINDOWS\System32\KERNEL32.DLL
0x00007ffd62b00000 - 0x00007ffd62ef0000 	C:\WINDOWS\System32\KERNELBASE.dll
0x00007ffd63140000 - 0x00007ffd6328b000 	C:\WINDOWS\System32\ucrtbase.dll
0x00007ffd56620000 - 0x00007ffd5663e000 	C:\Users\kinne\.p2\pool\plugins\org.eclipse.justj.openjdk.hotspot.jre.full.win32.x86_64_21.0.6.v20250130-0529\jre\bin\VCRUNTIME140.dll
0x00007ffd56600000 - 0x00007ffd56618000 	C:\Users\kinne\.p2\pool\plugins\org.eclipse.justj.openjdk.hotspot.jre.full.win32.x86_64_21.0.6.v20250130-0529\jre\bin\jli.dll
0x00007ffd647b0000 - 0x00007ffd64975000 	C:\WINDOWS\System32\USER32.dll
0x00007ffd418e0000 - 0x00007ffd41b7a000 	C:\WINDOWS\WinSxS\amd64_microsoft.windows.common-controls_6595b64144ccf1df_6.0.26100.4768_none_3e0c112ce331287c\COMCTL32.dll
0x00007ffd62ad0000 - 0x00007ffd62af7000 	C:\WINDOWS\System32\win32u.dll
0x00007ffd64700000 - 0x00007ffd647a9000 	C:\WINDOWS\System32\msvcrt.dll
0x00007ffd64500000 - 0x00007ffd6452b000 	C:\WINDOWS\System32\GDI32.dll
0x00007ffd62630000 - 0x00007ffd62768000 	C:\WINDOWS\System32\gdi32full.dll
0x00007ffd62a20000 - 0x00007ffd62ac3000 	C:\WINDOWS\System32\msvcp_win.dll
0x00007ffd64e50000 - 0x00007ffd64e7f000 	C:\WINDOWS\System32\IMM32.DLL
0x00007ffd5ab90000 - 0x00007ffd5ab9c000 	C:\Users\kinne\.p2\pool\plugins\org.eclipse.justj.openjdk.hotspot.jre.full.win32.x86_64_21.0.6.v20250130-0529\jre\bin\vcruntime140_1.dll
0x00007ffd545f0000 - 0x00007ffd5467d000 	C:\Users\kinne\.p2\pool\plugins\org.eclipse.justj.openjdk.hotspot.jre.full.win32.x86_64_21.0.6.v20250130-0529\jre\bin\msvcp140.dll
0x00007ffc99730000 - 0x00007ffc9a4c0000 	C:\Users\kinne\.p2\pool\plugins\org.eclipse.justj.openjdk.hotspot.jre.full.win32.x86_64_21.0.6.v20250130-0529\jre\bin\server\jvm.dll
0x00007ffd632a0000 - 0x00007ffd63354000 	C:\WINDOWS\System32\ADVAPI32.dll
0x00007ffd64aa0000 - 0x00007ffd64b46000 	C:\WINDOWS\System32\sechost.dll
0x00007ffd64980000 - 0x00007ffd64a98000 	C:\WINDOWS\System32\RPCRT4.dll
0x00007ffd63360000 - 0x00007ffd633d4000 	C:\WINDOWS\System32\WS2_32.dll
0x00007ffd56830000 - 0x00007ffd56865000 	C:\WINDOWS\SYSTEM32\WINMM.dll
0x00007ffd4b560000 - 0x00007ffd4b56b000 	C:\WINDOWS\SYSTEM32\VERSION.dll
0x00007ffd624b0000 - 0x00007ffd6250e000 	C:\WINDOWS\SYSTEM32\POWRPROF.dll
0x00007ffd62490000 - 0x00007ffd624a4000 	C:\WINDOWS\SYSTEM32\UMPDC.dll
0x00007ffd61390000 - 0x00007ffd613ab000 	C:\WINDOWS\SYSTEM32\kernel.appcore.dll
0x00007ffd5ec20000 - 0x00007ffd5ec2a000 	C:\Users\kinne\.p2\pool\plugins\org.eclipse.justj.openjdk.hotspot.jre.full.win32.x86_64_21.0.6.v20250130-0529\jre\bin\jimage.dll
0x00007ffd5fe30000 - 0x00007ffd60071000 	C:\WINDOWS\SYSTEM32\DBGHELP.DLL
0x00007ffd64fa0000 - 0x00007ffd65325000 	C:\WINDOWS\System32\combase.dll
0x00007ffd653b0000 - 0x00007ffd65490000 	C:\WINDOWS\System32\OLEAUT32.dll
0x00007ffd3dc60000 - 0x00007ffd3dca3000 	C:\WINDOWS\SYSTEM32\dbgcore.DLL
0x00007ffd62980000 - 0x00007ffd62a19000 	C:\WINDOWS\System32\bcryptPrimitives.dll
0x00007ffd53060000 - 0x00007ffd5307f000 	C:\Users\kinne\.p2\pool\plugins\org.eclipse.justj.openjdk.hotspot.jre.full.win32.x86_64_21.0.6.v20250130-0529\jre\bin\java.dll
0x00007ffd63890000 - 0x00007ffd63fdd000 	C:\WINDOWS\System32\SHELL32.dll
0x00007ffd62fc0000 - 0x00007ffd63133000 	C:\WINDOWS\System32\wintypes.dll
0x00007ffd60080000 - 0x00007ffd608df000 	C:\WINDOWS\SYSTEM32\windows.storage.dll
0x00007ffd64ea0000 - 0x00007ffd64f95000 	C:\WINDOWS\System32\SHCORE.dll
0x00007ffd65340000 - 0x00007ffd653aa000 	C:\WINDOWS\System32\shlwapi.dll
0x00007ffd62550000 - 0x00007ffd62579000 	C:\WINDOWS\SYSTEM32\profapi.dll
0x00007ffd4cc20000 - 0x00007ffd4cc38000 	C:\Users\kinne\.p2\pool\plugins\org.eclipse.justj.openjdk.hotspot.jre.full.win32.x86_64_21.0.6.v20250130-0529\jre\bin\zip.dll
0x00007ffd5ec10000 - 0x00007ffd5ec20000 	C:\Users\kinne\.p2\pool\plugins\org.eclipse.justj.openjdk.hotspot.jre.full.win32.x86_64_21.0.6.v20250130-0529\jre\bin\net.dll
0x00007ffd5a8c0000 - 0x00007ffd5a9de000 	C:\WINDOWS\SYSTEM32\WINHTTP.dll
0x00007ffd61940000 - 0x00007ffd619ab000 	C:\WINDOWS\system32\mswsock.dll
0x00007ffd4c4d0000 - 0x00007ffd4c4e6000 	C:\Users\kinne\.p2\pool\plugins\org.eclipse.justj.openjdk.hotspot.jre.full.win32.x86_64_21.0.6.v20250130-0529\jre\bin\nio.dll
0x00007ffd5cef0000 - 0x00007ffd5cef9000 	C:\Users\kinne\.p2\pool\plugins\org.eclipse.justj.openjdk.hotspot.jre.full.win32.x86_64_21.0.6.v20250130-0529\jre\bin\extnet.dll
0x00007ffd60e60000 - 0x00007ffd60f86000 	C:\WINDOWS\SYSTEM32\DNSAPI.dll
0x00007ffd60d70000 - 0x00007ffd60da3000 	C:\WINDOWS\SYSTEM32\IPHLPAPI.DLL
0x00007ffd644f0000 - 0x00007ffd644fa000 	C:\WINDOWS\System32\NSI.dll
0x00007ffd5ae20000 - 0x00007ffd5ae2b000 	C:\Windows\System32\rasadhlp.dll
0x00007ffd5c7f0000 - 0x00007ffd5c876000 	C:\WINDOWS\System32\fwpuclnt.dll
0x00007ffd56500000 - 0x00007ffd5650a000 	C:\Users\kinne\.p2\pool\plugins\org.eclipse.justj.openjdk.hotspot.jre.full.win32.x86_64_21.0.6.v20250130-0529\jre\bin\management.dll
0x00007ffd564f0000 - 0x00007ffd564fb000 	C:\Users\kinne\.p2\pool\plugins\org.eclipse.justj.openjdk.hotspot.jre.full.win32.x86_64_21.0.6.v20250130-0529\jre\bin\management_ext.dll
0x00007ffd63290000 - 0x00007ffd63298000 	C:\WINDOWS\System32\PSAPI.DLL
0x00007ffd5cf00000 - 0x00007ffd5cf0e000 	C:\Users\kinne\.p2\pool\plugins\org.eclipse.justj.openjdk.hotspot.jre.full.win32.x86_64_21.0.6.v20250130-0529\jre\bin\sunmscapi.dll
0x00007ffd62770000 - 0x00007ffd628e7000 	C:\WINDOWS\System32\CRYPT32.dll
0x00007ffd61e20000 - 0x00007ffd61e50000 	C:\WINDOWS\SYSTEM32\ncrypt.dll
0x00007ffd61dd0000 - 0x00007ffd61e0f000 	C:\WINDOWS\SYSTEM32\NTASN1.dll
0x00007ffd61c00000 - 0x00007ffd61c1b000 	C:\WINDOWS\SYSTEM32\CRYPTSP.dll
0x00007ffd612f0000 - 0x00007ffd6132b000 	C:\WINDOWS\system32\rsaenh.dll
0x00007ffd619e0000 - 0x00007ffd61a0b000 	C:\WINDOWS\SYSTEM32\USERENV.dll
0x00007ffd62520000 - 0x00007ffd62546000 	C:\WINDOWS\SYSTEM32\bcrypt.dll
0x00007ffd61c20000 - 0x00007ffd61c2c000 	C:\WINDOWS\SYSTEM32\CRYPTBASE.dll
0x00007ffd15320000 - 0x00007ffd15328000 	C:\WINDOWS\system32\wshunix.dll

dbghelp: loaded successfully - version: 4.0.5 - missing functions: none
symbol engine: initialized successfully - sym options: 0x614 - pdb path: .;C:\Users\kinne\.p2\pool\plugins\org.eclipse.justj.openjdk.hotspot.jre.full.win32.x86_64_21.0.6.v20250130-0529\jre\bin;C:\WINDOWS\SYSTEM32;C:\WINDOWS\WinSxS\amd64_microsoft.windows.common-controls_6595b64144ccf1df_6.0.26100.4768_none_3e0c112ce331287c;C:\Users\kinne\.p2\pool\plugins\org.eclipse.justj.openjdk.hotspot.jre.full.win32.x86_64_21.0.6.v20250130-0529\jre\bin\server

VM Arguments:
jvm_args: -Dfile.encoding=UTF-8 -Dstdout.encoding=UTF-8 -Dstderr.encoding=UTF-8 -XX:+ShowCodeDetailsInExceptionMessages 
java_command: learn._23_LearnWaits
java_class_path (initial): D:\Eclipse\eclipse-workspace\SeleniumLearning\target\classes;C:\Users\kinne\.m2\repository\org\seleniumhq\selenium\selenium-java\4.34.0\selenium-java-4.34.0.jar;C:\Users\kinne\.m2\repository\org\seleniumhq\selenium\selenium-api\4.34.0\selenium-api-4.34.0.jar;C:\Users\kinne\.m2\repository\org\jspecify\jspecify\1.0.0\jspecify-1.0.0.jar;C:\Users\kinne\.m2\repository\org\seleniumhq\selenium\selenium-chrome-driver\4.34.0\selenium-chrome-driver-4.34.0.jar;C:\Users\kinne\.m2\repository\com\google\auto\service\auto-service-annotations\1.1.1\auto-service-annotations-1.1.1.jar;C:\Users\kinne\.m2\repository\org\seleniumhq\selenium\selenium-chromium-driver\4.34.0\selenium-chromium-driver-4.34.0.jar;C:\Users\kinne\.m2\repository\org\seleniumhq\selenium\selenium-json\4.34.0\selenium-json-4.34.0.jar;C:\Users\kinne\.m2\repository\org\seleniumhq\selenium\selenium-manager\4.34.0\selenium-manager-4.34.0.jar;C:\Users\kinne\.m2\repository\org\seleniumhq\selenium\selenium-devtools-v136\4.34.0\selenium-devtools-v136-4.34.0.jar;C:\Users\kinne\.m2\repository\org\seleniumhq\selenium\selenium-devtools-v137\4.34.0\selenium-devtools-v137-4.34.0.jar;C:\Users\kinne\.m2\repository\org\seleniumhq\selenium\selenium-devtools-v138\4.34.0\selenium-devtools-v138-4.34.0.jar;C:\Users\kinne\.m2\repository\org\seleniumhq\selenium\selenium-edge-driver\4.34.0\selenium-edge-driver-4.34.0.jar;C:\Users\kinne\.m2\repository\org\seleniumhq\selenium\selenium-firefox-driver\4.34.0\selenium-firefox-driver-4.34.0.jar;C:\Users\kinne\.m2\repository\org\seleniumhq\selenium\selenium-http\4.34.0\selenium-http-4.34.0.jar;C:\Users\kinne\.m2\repository\org\seleniumhq\selenium\selenium-ie-driver\4.34.0\selenium-ie-driver-4.34.0.jar;C:\Users\kinne\.m2\repository\org\seleniumhq\selenium\selenium-remote-driver\4.34.0\selenium-remote-driver-4.34.0.jar;C:\Users\kinne\.m2\repository\com\google\guava\guava\33.4.8-jre\guava-33.4.8-jre.jar;C:\Users\kinne\.m2\repository\com\google\guava\failureaccess\1.0.3\failureaccess-1.0.3.jar;C:\Users\kinne\.m2\repository\com\google\guava\listenablefuture\9999.0-empty-to-avoid-conflict-with-guava\listenablefuture-9999.0-empty-to-avoid-conflict-with-guava.jar;C:\Users\kinne\.m2\repository\com\google\errorprone\error_prone_annotations\2.36.0\error_prone_annotations-2.36.0.jar;C:\Users\kinne\.m2\repository\com\google\j2objc\j2objc-annotations\3.0.0\j2objc-annotations-3.0.0.jar;C:\Users\kinne\.m2\repository\io\opentelemetry\opentelemetry-api\1.51.0\opentelemetry-api-1.51.0.jar;C:\Users\kinne\.m2\repository\io\opentelemetry\opentelemetry-context\1.51.0\opentelemetry-context-1.51.0.jar;C:\Users\kinne\.m2\repository\io\opentelemetry\opentelemetry-exporter-logging\1.51.0\opentelemetry-exporter-logging-1.51.0.jar;C:\Users\kinne\.m2\repository\io\opentelemetry\opentelemetry-sdk-common\1.51.0\opentelemetry-sdk-common-1.51.0.jar;C:\Users\kinne\.m2\repository\io\opentelemetry\opentelemetry-sdk-extension-autoconfigure-spi\1.51.0\opentelemetry-sdk-extension-autoconfigure-spi-1.51.0.jar;C:\Users\kinne\.m2\repository\io\opentelemetry\opentelemetry-sdk-extension-autoconfigure\1.51.0\opentelemetry-sdk-extension-autoconfigure-1.51.0.jar;C:\Users\kinne\.m2\repository\io\opentelemetry\opentelemetry-sdk-trace\1.51.0\opentelemetry-sdk-trace-1.51.0.jar;C:\Users\kinne\.m2\repository\io\opentelemetry\opentelemetry-sdk\1.51.0\opentelemetry-sdk-1.51.0.jar;C:\Users\kinne\.m2\repository\io\opentelemetry\opentelemetry-sdk-metrics\1.51.0\opentelemetry-sdk-metrics-1.51.0.jar;C:\Users\kinne\.m2\repository\io\opentelemetry\opentelemetry-sdk-logs\1.51.0\opentelemetry-sdk-logs-1.51.0.jar;C:\Users\kinne\.m2\repository\net\bytebuddy\byte-buddy\1.17.6\byte-buddy-1.17.6.jar;C:\Users\kinne\.m2\repository\org\seleniumhq\selenium\selenium-os\4.34.0\selenium-os-4.34.0.jar;C:\Users\kinne\.m2\repository\org\apache\commons\commons-exec\1.5.0\commons-exec-1.5.0.jar;C:\Users\kinne\.m2\repository\org\seleniumhq\selenium\selenium-safari-driver\4.34.0\selenium-safari-driver-4.34.0.jar;C:\Users\kinne\.m2\repository\org\seleniumhq\selenium\selenium-support\4.34.0\selenium-support-4.34.0.jar
Launcher Type: SUN_STANDARD

[Global flags]
     intx CICompilerCount                          = 4                                         {product} {ergonomic}
     uint ConcGCThreads                            = 2                                         {product} {ergonomic}
     uint G1ConcRefinementThreads                  = 8                                         {product} {ergonomic}
   size_t G1HeapRegionSize                         = 1048576                                   {product} {ergonomic}
    uintx GCDrainStackTargetSize                   = 64                                        {product} {ergonomic}
   size_t InitialHeapSize                          = 115343360                                 {product} {ergonomic}
   size_t MarkStackSize                            = 4194304                                   {product} {ergonomic}
   size_t MaxHeapSize                              = 1839202304                                {product} {ergonomic}
   size_t MaxNewSize                               = 1103101952                                {product} {ergonomic}
   size_t MinHeapDeltaBytes                        = 1048576                                   {product} {ergonomic}
   size_t MinHeapSize                              = 8388608                                   {product} {ergonomic}
    uintx NonNMethodCodeHeapSize                   = 5839372                                {pd product} {ergonomic}
    uintx NonProfiledCodeHeapSize                  = 122909434                              {pd product} {ergonomic}
    uintx ProfiledCodeHeapSize                     = 122909434                              {pd product} {ergonomic}
    uintx ReservedCodeCacheSize                    = 251658240                              {pd product} {ergonomic}
     bool SegmentedCodeCache                       = true                                      {product} {ergonomic}
     bool ShowCodeDetailsInExceptionMessages       = true                                   {manageable} {command line}
   size_t SoftMaxHeapSize                          = 1839202304                             {manageable} {ergonomic}
     bool UseCompressedOops                        = true                           {product lp64_product} {ergonomic}
     bool UseG1GC                                  = true                                      {product} {ergonomic}
     bool UseLargePagesIndividualAllocation        = false                                  {pd product} {ergonomic}

Logging:
Log output configuration:
 #0: stdout all=warning uptime,level,tags foldmultilines=false
 #1: stderr all=off uptime,level,tags foldmultilines=false

Environment Variables:
PATH=C:/Users/kinne/.p2/pool/plugins/org.eclipse.justj.openjdk.hotspot.jre.full.win32.x86_64_21.0.6.v20250130-0529/jre/bin/server;C:/Users/kinne/.p2/pool/plugins/org.eclipse.justj.openjdk.hotspot.jre.full.win32.x86_64_21.0.6.v20250130-0529/jre/bin;C:\Program Files\Common Files\Oracle\Java\javapath;C:\WINDOWS\system32;C:\WINDOWS;C:\WINDOWS\System32\Wbem;C:\WINDOWS\System32\WindowsPowerShell\v1.0\;C:\WINDOWS\System32\OpenSSH\;C:\Program Files\Java\jdk-24\bin;C:\ProgramData\chocolatey\bin;C:\Users\kinne\AppData\Local\Microsoft\WindowsApps;C:\WINDOWS\system32;
USERNAME=kinne
OS=Windows_NT
PROCESSOR_IDENTIFIER=AMD64 Family 25 Model 68 Stepping 1, AuthenticAMD
TMP=C:\Users\kinne\AppData\Local\Temp
TEMP=C:\Users\kinne\AppData\Local\Temp




Periodic native trim disabled

---------------  S Y S T E M  ---------------

OS:
 Windows 11 , 64 bit Build 26100 (10.0.26100.4768)
OS uptime: 0 days 23:50 hours
Hyper-V role detected

CPU: total 8 (initial active 8) (8 cores per cpu, 2 threads per core) family 25 model 68 stepping 1 microcode 0xa40410a, cx8, cmov, fxsr, ht, mmx, 3dnowpref, sse, sse2, sse3, ssse3, sse4a, sse4.1, sse4.2, popcnt, lzcnt, tsc, tscinvbit, avx, avx2, aes, erms, clmul, bmi1, bmi2, adx, sha, fma, vzeroupper, clflush, clflushopt, hv, rdtscp, rdpid, fsrm, f16c, cet_ss
Processor Information for processor 0
  Max Mhz: 3001, Current Mhz: 3001, Mhz Limit: 3001
Processor Information for processor 1
  Max Mhz: 3001, Current Mhz: 2500, Mhz Limit: 3001
Processor Information for processor 2
  Max Mhz: 3001, Current Mhz: 2500, Mhz Limit: 3001
Processor Information for processor 3
  Max Mhz: 3001, Current Mhz: 2500, Mhz Limit: 3001
Processor Information for processor 4
  Max Mhz: 3001, Current Mhz: 2500, Mhz Limit: 3001
Processor Information for processor 5
  Max Mhz: 3001, Current Mhz: 2500, Mhz Limit: 3001
Processor Information for processor 6
  Max Mhz: 3001, Current Mhz: 2500, Mhz Limit: 3001
Processor Information for processor 7
  Max Mhz: 3001, Current Mhz: 3001, Mhz Limit: 3001

Memory: 4k page, system-wide physical 7010M (737M free)
TotalPageFile size 27036M (AvailPageFile size 1M)
current process WorkingSet (physical memory assigned to process): 106M, peak: 106M
current process commit charge ("private bytes"): 222M, peak: 223M

vm_info: OpenJDK 64-Bit Server VM (21.0.6+7-LTS) for windows-amd64 JRE (21.0.6+7-LTS), built on 2025-01-21T00:00:00Z by "admin" with MS VC++ 17.7 (VS2022)

END.
